20:25:45 **** Build of configuration Release for project BottomBd ****
make -j8 all 
"C:/D/SW2_Team/EMU_EPD/BottomBd\Version.bat" "C:/D/SW2_Team/EMU_EPD/BottomBd" "C:/D/SW2_Team/EMU_EPD/BottomBd\Library\version.h.template" "C:/D/SW2_Team/EMU_EPD/BottomBd\Library\version.h"
C:/D/SW2_Team/EMU_EPD/BottomBd C:/D/SW2_Team/EMU_EPD/BottomBd\Library\version.h.template C:/D/SW2_Team/EMU_EPD/BottomBd\Library\version.h
START Process
46
END Process
 
arm-none-eabi-gcc "../Library/QBuf.c" -mcpu=cortex-m3 -std=gnu11 -DSTM32F103xE -DUSE_HAL_DRIVER -c -I../Drivers/CMSIS/Device/ST/STM32F1xx/Include -I../Drivers/CMSIS/Include -I../Core/Inc -I../Drivers/STM32F1xx_HAL_Driver/Inc/Legacy -I../Drivers/STM32F1xx_HAL_Driver/Inc -I../Library -O3 -ffunction-sections -fdata-sections -Wall -fstack-usage -fcyclomatic-complexity -MMD -MP -MF"Library/QBuf.d" -MT"Library/QBuf.o" --specs=nano.specs -mfloat-abi=soft -mthumb -o "Library/QBuf.o"
arm-none-eabi-gcc "../Library/VerInfo.c" -mcpu=cortex-m3 -std=gnu11 -DSTM32F103xE -DUSE_HAL_DRIVER -c -I../Drivers/CMSIS/Device/ST/STM32F1xx/Include -I../Drivers/CMSIS/Include -I../Core/Inc -I../Drivers/STM32F1xx_HAL_Driver/Inc/Legacy -I../Drivers/STM32F1xx_HAL_Driver/Inc -I../Library -O3 -ffunction-sections -fdata-sections -Wall -fstack-usage -fcyclomatic-complexity -MMD -MP -MF"Library/VerInfo.d" -MT"Library/VerInfo.o" --specs=nano.specs -mfloat-abi=soft -mthumb -o "Library/VerInfo.o"
arm-none-eabi-gcc "../Library/adc.c" -mcpu=cortex-m3 -std=gnu11 -DSTM32F103xE -DUSE_HAL_DRIVER -c -I../Drivers/CMSIS/Device/ST/STM32F1xx/Include -I../Drivers/CMSIS/Include -I../Core/Inc -I../Drivers/STM32F1xx_HAL_Driver/Inc/Legacy -I../Drivers/STM32F1xx_HAL_Driver/Inc -I../Library -O3 -ffunction-sections -fdata-sections -Wall -fstack-usage -fcyclomatic-complexity -MMD -MP -MF"Library/adc.d" -MT"Library/adc.o" --specs=nano.specs -mfloat-abi=soft -mthumb -o "Library/adc.o"
arm-none-eabi-gcc "../Library/bootloader.c" -mcpu=cortex-m3 -std=gnu11 -DSTM32F103xE -DUSE_HAL_DRIVER -c -I../Drivers/CMSIS/Device/ST/STM32F1xx/Include -I../Drivers/CMSIS/Include -I../Core/Inc -I../Drivers/STM32F1xx_HAL_Driver/Inc/Legacy -I../Drivers/STM32F1xx_HAL_Driver/Inc -I../Library -O3 -ffunction-sections -fdata-sections -Wall -fstack-usage -fcyclomatic-complexity -MMD -MP -MF"Library/bootloader.d" -MT"Library/bootloader.o" --specs=nano.specs -mfloat-abi=soft -mthumb -o "Library/bootloader.o"
arm-none-eabi-gcc "../Library/cli.c" -mcpu=cortex-m3 -std=gnu11 -DSTM32F103xE -DUSE_HAL_DRIVER -c -I../Drivers/CMSIS/Device/ST/STM32F1xx/Include -I../Drivers/CMSIS/Include -I../Core/Inc -I../Drivers/STM32F1xx_HAL_Driver/Inc/Legacy -I../Drivers/STM32F1xx_HAL_Driver/Inc -I../Library -O3 -ffunction-sections -fdata-sections -Wall -fstack-usage -fcyclomatic-complexity -MMD -MP -MF"Library/cli.d" -MT"Library/cli.o" --specs=nano.specs -mfloat-abi=soft -mthumb -o "Library/cli.o"
arm-none-eabi-gcc "../Library/flash_if.c" -mcpu=cortex-m3 -std=gnu11 -DSTM32F103xE -DUSE_HAL_DRIVER -c -I../Drivers/CMSIS/Device/ST/STM32F1xx/Include -I../Drivers/CMSIS/Include -I../Core/Inc -I../Drivers/STM32F1xx_HAL_Driver/Inc/Legacy -I../Drivers/STM32F1xx_HAL_Driver/Inc -I../Library -O3 -ffunction-sections -fdata-sections -Wall -fstack-usage -fcyclomatic-complexity -MMD -MP -MF"Library/flash_if.d" -MT"Library/flash_if.o" --specs=nano.specs -mfloat-abi=soft -mthumb -o "Library/flash_if.o"
arm-none-eabi-gcc "../Library/iap_common.c" -mcpu=cortex-m3 -std=gnu11 -DSTM32F103xE -DUSE_HAL_DRIVER -c -I../Drivers/CMSIS/Device/ST/STM32F1xx/Include -I../Drivers/CMSIS/Include -I../Core/Inc -I../Drivers/STM32F1xx_HAL_Driver/Inc/Legacy -I../Drivers/STM32F1xx_HAL_Driver/Inc -I../Library -O3 -ffunction-sections -fdata-sections -Wall -fstack-usage -fcyclomatic-complexity -MMD -MP -MF"Library/iap_common.d" -MT"Library/iap_common.o" --specs=nano.specs -mfloat-abi=soft -mthumb -o "Library/iap_common.o"
arm-none-eabi-gcc "../Library/iap_menu.c" -mcpu=cortex-m3 -std=gnu11 -DSTM32F103xE -DUSE_HAL_DRIVER -c -I../Drivers/CMSIS/Device/ST/STM32F1xx/Include -I../Drivers/CMSIS/Include -I../Core/Inc -I../Drivers/STM32F1xx_HAL_Driver/Inc/Legacy -I../Drivers/STM32F1xx_HAL_Driver/Inc -I../Library -O3 -ffunction-sections -fdata-sections -Wall -fstack-usage -fcyclomatic-complexity -MMD -MP -MF"Library/iap_menu.d" -MT"Library/iap_menu.o" --specs=nano.specs -mfloat-abi=soft -mthumb -o "Library/iap_menu.o"
../Library/flash_if.c: In function 'cmd_flRead':
../Library/flash_if.c:267:3: warning: implicit declaration of function 'sscanf' [-Wimplicit-function-declaration]
  267 |   sscanf( argv[1], "%x", &nAddr );  // nAddr
      |   ^~~~~~
../Library/flash_if.c:267:3: warning: incompatible implicit declaration of built-in function 'sscanf'
../Library/flash_if.c:26:1: note: include '<stdio.h>' or provide a declaration of 'sscanf'
   25 | #include "flash_if.h"
  +++ |+#include <stdio.h>
   26 | 
../Library/flash_if.c:267:22: warning: format '%x' expects argument of type 'unsigned int *', but argument 3 has type 'uint32_t *' {aka 'long unsigned int *'} [-Wformat=]
  267 |   sscanf( argv[1], "%x", &nAddr );  // nAddr
      |                     ~^   ~~~~~~
      |                      |   |
      |                      |   uint32_t * {aka long unsigned int *}
      |                      unsigned int *
      |                     %lx
../Library/flash_if.c:273:3: warning: implicit declaration of function 'printf' [-Wimplicit-function-declaration]
  273 |   printf( "%s(%d) - Out of Range : Addr(0x%08X)\n", __func__, __LINE__,
      |   ^~~~~~
../Library/flash_if.c:273:3: warning: incompatible implicit declaration of built-in function 'printf'
../Library/flash_if.c:273:3: note: include '<stdio.h>' or provide a declaration of 'printf'
../Library/flash_if.c:273:46: warning: format '%X' expects argument of type 'unsigned int', but argument 4 has type 'uint32_t' {aka 'long unsigned int'} [-Wformat=]
  273 |   printf( "%s(%d) - Out of Range : Addr(0x%08X)\n", __func__, __LINE__,
      |                                           ~~~^
      |                                              |
      |                                              unsigned int
      |                                           %08lX
  274 |           nAddr );
      |           ~~~~~                               
      |           |
      |           uint32_t {aka long unsigned int}
../Library/flash_if.c:278:2: warning: incompatible implicit declaration of built-in function 'printf'
  278 |  printf( "[0x%08X] : 0x%08X\n", nAddr, *(uint32_t*) nAddr );
      |  ^~~~~~
../Library/flash_if.c:278:2: note: include '<stdio.h>' or provide a declaration of 'printf'
../Library/flash_if.c:278:17: warning: format '%X' expects argument of type 'unsigned int', but argument 2 has type 'uint32_t' {aka 'long unsigned int'} [-Wformat=]
  278 |  printf( "[0x%08X] : 0x%08X\n", nAddr, *(uint32_t*) nAddr );
      |              ~~~^               ~~~~~
      |                 |               |
      |                 unsigned int    uint32_t {aka long unsigned int}
      |              %08lX
../Library/flash_if.c:278:27: warning: format '%X' expects argument of type 'unsigned int', but argument 3 has type 'uint32_t' {aka 'long unsigned int'} [-Wformat=]
  278 |  printf( "[0x%08X] : 0x%08X\n", nAddr, *(uint32_t*) nAddr );
      |                        ~~~^            ~~~~~~~~~~~~~~~~~~
      |                           |            |
      |                           unsigned int uint32_t {aka long unsigned int}
      |                        %08lX
../Library/flash_if.c: In function 'cmd_flWrite':
../Library/flash_if.c:294:3: warning: incompatible implicit declaration of built-in function 'sscanf'
  294 |   sscanf( argv[2], "%x", &nAddr );  // nAddr
      |   ^~~~~~
../Library/flash_if.c:294:3: note: include '<stdio.h>' or provide a declaration of 'sscanf'
../Library/flash_if.c:294:22: warning: format '%x' expects argument of type 'unsigned int *', but argument 3 has type 'uint32_t *' {aka 'long unsigned int *'} [-Wformat=]
  294 |   sscanf( argv[2], "%x", &nAddr );  // nAddr
      |                     ~^   ~~~~~~
      |                      |   |
      |                      |   uint32_t * {aka long unsigned int *}
      |                      unsigned int *
      |                     %lx
../Library/flash_if.c:296:22: warning: format '%x' expects argument of type 'unsigned int *', but argument 3 has type 'uint32_t *' {aka 'long unsigned int *'} [-Wformat=]
  296 |   sscanf( argv[1], "%x", &nAddr );  // nAddr
      |                     ~^   ~~~~~~
      |                      |   |
      |                      |   uint32_t * {aka long unsigned int *}
      |                      unsigned int *
      |                     %lx
../Library/flash_if.c:302:3: warning: incompatible implicit declaration of built-in function 'printf'
  302 |   printf( "success\n" );
      |   ^~~~~~
../Library/flash_if.c:302:3: note: include '<stdio.h>' or provide a declaration of 'printf'
../Library/flash_if.c:306:3: warning: incompatible implicit declaration of built-in function 'printf'
  306 |   printf( "failed\n" );
      |   ^~~~~~
../Library/flash_if.c:306:3: note: include '<stdio.h>' or provide a declaration of 'printf'
../Library/flash_if.c: In function 'cmd_flErase':
../Library/flash_if.c:322:3: warning: incompatible implicit declaration of built-in function 'sscanf'
  322 |   sscanf( argv[1], "%x", &nAddr );  // nAddr
      |   ^~~~~~
../Library/flash_if.c:322:3: note: include '<stdio.h>' or provide a declaration of 'sscanf'
../Library/flash_if.c:322:22: warning: format '%x' expects argument of type 'unsigned int *', but argument 3 has type 'uint32_t *' {aka 'long unsigned int *'} [-Wformat=]
  322 |   sscanf( argv[1], "%x", &nAddr );  // nAddr
      |                     ~^   ~~~~~~
      |                      |   |
      |                      |   uint32_t * {aka long unsigned int *}
      |                      unsigned int *
      |                     %lx
../Library/flash_if.c:328:3: warning: incompatible implicit declaration of built-in function 'printf'
  328 |   printf( "%s(%d) - Out of Range : Addr(0x%08X)\n", __func__, __LINE__,
      |   ^~~~~~
../Library/flash_if.c:328:3: note: include '<stdio.h>' or provide a declaration of 'printf'
../Library/flash_if.c:328:46: warning: format '%X' expects argument of type 'unsigned int', but argument 4 has type 'uint32_t' {aka 'long unsigned int'} [-Wformat=]
  328 |   printf( "%s(%d) - Out of Range : Addr(0x%08X)\n", __func__, __LINE__,
      |                                           ~~~^
      |                                              |
      |                                              unsigned int
      |                                           %08lX
  329 |           nAddr );
      |           ~~~~~                               
      |           |
      |           uint32_t {aka long unsigned int}
../Library/flash_if.c:333:2: warning: incompatible implicit declaration of built-in function 'printf'
  333 |  printf( "%s(%d) - Addr(0x%08X)\n", __func__, __LINE__, nAddr );
      |  ^~~~~~
../Library/flash_if.c:333:2: note: include '<stdio.h>' or provide a declaration of 'printf'
../Library/flash_if.c:333:30: warning: format '%X' expects argument of type 'unsigned int', but argument 4 has type 'uint32_t' {aka 'long unsigned int'} [-Wformat=]
  333 |  printf( "%s(%d) - Addr(0x%08X)\n", __func__, __LINE__, nAddr );
      |                           ~~~^                          ~~~~~
      |                              |                          |
      |                              unsigned int               uint32_t {aka long unsigned int}
      |                           %08lX
../Library/bootloader.c: In function 'BootLoaderTask':
../Library/bootloader.c:193:3: warning: implicit declaration of function 'FLASH_If_EraseSectors'; did you mean 'FLASH_If_Erase'? [-Wimplicit-function-declaration]
  193 |   FLASH_If_EraseSectors( ADDR_FLASH_APP, ADDR_FLASH_IMGBOOT );
      |   ^~~~~~~~~~~~~~~~~~~~~
      |   FLASH_If_Erase
../Library/bootloader.c:128:25: warning: unused variable 'flash1' [-Wunused-variable]
  128 |  FLASH_EraseInitTypeDef flash1;
      |                         ^~~~~~
../Library/bootloader.c:118:20: warning: variable 'rremain' set but not used [-Wunused-but-set-variable]
  118 |  int  readnum = 0, rremain = 0;
      |                    ^~~~~~~
../Library/bootloader.c:115:13: warning: unused variable 'k' [-Wunused-variable]
  115 |  int  i, j, k;
      |             ^
../Library/bootloader.c:115:7: warning: unused variable 'i' [-Wunused-variable]
  115 |  int  i, j, k;
      |       ^
../Library/cli.c:138:3: warning: initialization of 'int (*)(int,  char **)' from incompatible pointer type 'int (*)(int)' [-Wincompatible-pointer-types]
  138 |   cmd_occ},
      |   ^~~~~~~
../Library/cli.c:138:3: note: (near initialization for 'user_command_table[9].func')
../Library/cli.c: In function 'dump':
../Library/cli.c:205:15: warning: '0' flag used with '%p' gnu_printf format [-Wformat=]
  205 |   printf( "%08p  ", a );
      |               ^
../Library/cli.c:213:40: warning: format '%x' expects argument of type 'unsigned int', but argument 2 has type 'uint32_t' {aka 'long unsigned int'} [-Wformat=]
  213 |    else if ( width == 4 )  printf( "%08x ", *(uint32_t *)a );
      |                                     ~~~^    ~~~~~~~~~~~~~~
      |                                        |    |
      |                                        |    uint32_t {aka long unsigned int}
      |                                        unsigned int
      |                                     %08lx
../Library/cli.c: In function 'ProcessCommand':
../Library/cli.c:347:8: warning: cast from pointer to integer of different size [-Wpointer-to-int-cast]
  347 |   *p = (char)NULL;
      |        ^
../Library/cli.c:374:9: warning: cast from pointer to integer of different size [-Wpointer-to-int-cast]
  374 |    *p = (char)NULL;
      |         ^
../Library/cli.c: In function 'cmd_battery':
../Library/cli.c:727:44: warning: implicit declaration of function 'getChargeRate' [-Wimplicit-function-declaration]
  727 |  printf("[Battery] Charge Rate : %d %%\n", getChargeRate() );
      |                                            ^~~~~~~~~~~~~
../Library/cli.c: In function 'cmd_WDGStOff':
../Library/cli.c:719:1: warning: control reaches end of non-void function [-Wreturn-type]
  719 | }
      | ^
../Library/cli.c: In function 'cmd_battery':
../Library/cli.c:728:1: warning: control reaches end of non-void function [-Wreturn-type]
  728 | }
      | ^
arm-none-eabi-gcc "../Library/nvram.c" -mcpu=cortex-m3 -std=gnu11 -DSTM32F103xE -DUSE_HAL_DRIVER -c -I../Drivers/CMSIS/Device/ST/STM32F1xx/Include -I../Drivers/CMSIS/Include -I../Core/Inc -I../Drivers/STM32F1xx_HAL_Driver/Inc/Legacy -I../Drivers/STM32F1xx_HAL_Driver/Inc -I../Library -O3 -ffunction-sections -fdata-sections -Wall -fstack-usage -fcyclomatic-complexity -MMD -MP -MF"Library/nvram.d" -MT"Library/nvram.o" --specs=nano.specs -mfloat-abi=soft -mthumb -o "Library/nvram.o"
arm-none-eabi-gcc "../Library/occpa.c" -mcpu=cortex-m3 -std=gnu11 -DSTM32F103xE -DUSE_HAL_DRIVER -c -I../Drivers/CMSIS/Device/ST/STM32F1xx/Include -I../Drivers/CMSIS/Include -I../Core/Inc -I../Drivers/STM32F1xx_HAL_Driver/Inc/Legacy -I../Drivers/STM32F1xx_HAL_Driver/Inc -I../Library -O3 -ffunction-sections -fdata-sections -Wall -fstack-usage -fcyclomatic-complexity -MMD -MP -MF"Library/occpa.d" -MT"Library/occpa.o" --specs=nano.specs -mfloat-abi=soft -mthumb -o "Library/occpa.o"
arm-none-eabi-gcc "../Library/rs485.c" -mcpu=cortex-m3 -std=gnu11 -DSTM32F103xE -DUSE_HAL_DRIVER -c -I../Drivers/CMSIS/Device/ST/STM32F1xx/Include -I../Drivers/CMSIS/Include -I../Core/Inc -I../Drivers/STM32F1xx_HAL_Driver/Inc/Legacy -I../Drivers/STM32F1xx_HAL_Driver/Inc -I../Library -O3 -ffunction-sections -fdata-sections -Wall -fstack-usage -fcyclomatic-complexity -MMD -MP -MF"Library/rs485.d" -MT"Library/rs485.o" --specs=nano.specs -mfloat-abi=soft -mthumb -o "Library/rs485.o"
arm-none-eabi-gcc "../Library/serial.c" -mcpu=cortex-m3 -std=gnu11 -DSTM32F103xE -DUSE_HAL_DRIVER -c -I../Drivers/CMSIS/Device/ST/STM32F1xx/Include -I../Drivers/CMSIS/Include -I../Core/Inc -I../Drivers/STM32F1xx_HAL_Driver/Inc/Legacy -I../Drivers/STM32F1xx_HAL_Driver/Inc -I../Library -O3 -ffunction-sections -fdata-sections -Wall -fstack-usage -fcyclomatic-complexity -MMD -MP -MF"Library/serial.d" -MT"Library/serial.o" --specs=nano.specs -mfloat-abi=soft -mthumb -o "Library/serial.o"
arm-none-eabi-gcc "../Library/version.c" -mcpu=cortex-m3 -std=gnu11 -DSTM32F103xE -DUSE_HAL_DRIVER -c -I../Drivers/CMSIS/Device/ST/STM32F1xx/Include -I../Drivers/CMSIS/Include -I../Core/Inc -I../Drivers/STM32F1xx_HAL_Driver/Inc/Legacy -I../Drivers/STM32F1xx_HAL_Driver/Inc -I../Library -O3 -ffunction-sections -fdata-sections -Wall -fstack-usage -fcyclomatic-complexity -MMD -MP -MF"Library/version.d" -MT"Library/version.o" --specs=nano.specs -mfloat-abi=soft -mthumb -o "Library/version.o"
arm-none-eabi-gcc "../Library/ymodem.c" -mcpu=cortex-m3 -std=gnu11 -DSTM32F103xE -DUSE_HAL_DRIVER -c -I../Drivers/CMSIS/Device/ST/STM32F1xx/Include -I../Drivers/CMSIS/Include -I../Core/Inc -I../Drivers/STM32F1xx_HAL_Driver/Inc/Legacy -I../Drivers/STM32F1xx_HAL_Driver/Inc -I../Library -O3 -ffunction-sections -fdata-sections -Wall -fstack-usage -fcyclomatic-complexity -MMD -MP -MF"Library/ymodem.d" -MT"Library/ymodem.o" --specs=nano.specs -mfloat-abi=soft -mthumb -o "Library/ymodem.o"
arm-none-eabi-gcc "../Drivers/STM32F1xx_HAL_Driver/Src/stm32f1xx_hal.c" -mcpu=cortex-m3 -std=gnu11 -DSTM32F103xE -DUSE_HAL_DRIVER -c -I../Drivers/CMSIS/Device/ST/STM32F1xx/Include -I../Drivers/CMSIS/Include -I../Core/Inc -I../Drivers/STM32F1xx_HAL_Driver/Inc/Legacy -I../Drivers/STM32F1xx_HAL_Driver/Inc -I../Library -O3 -ffunction-sections -fdata-sections -Wall -fstack-usage -fcyclomatic-complexity -MMD -MP -MF"Drivers/STM32F1xx_HAL_Driver/Src/stm32f1xx_hal.d" -MT"Drivers/STM32F1xx_HAL_Driver/Src/stm32f1xx_hal.o" --specs=nano.specs -mfloat-abi=soft -mthumb -o "Drivers/STM32F1xx_HAL_Driver/Src/stm32f1xx_hal.o"
../Library/nvram.c: In function 'cmd_nvramRead':
../Library/nvram.c:173:1: warning: control reaches end of non-void function [-Wreturn-type]
  173 | }
      | ^
../Library/nvram.c: In function 'cmd_nvramWrite':
../Library/nvram.c:200:1: warning: control reaches end of non-void function [-Wreturn-type]
  200 | }
      | ^
../Library/nvram.c: In function 'cmd_nvramDump':
../Library/nvram.c:231:1: warning: control reaches end of non-void function [-Wreturn-type]
  231 | }
      | ^
../Library/rs485.c: In function 'SendRS485':
../Library/rs485.c:157:6: warning: variable 'ret' set but not used [-Wunused-but-set-variable]
  157 |  int ret;
      |      ^~~
../Library/rs485.c:156:6: warning: unused variable 'idx' [-Wunused-variable]
  156 |  int idx;
      |      ^~~
../Library/rs485.c: In function 'SendSD_3':
../Library/rs485.c:206:19: warning: implicit declaration of function 'getChargeRate' [-Wimplicit-function-declaration]
  206 |  pSd->nBatVal   = getChargeRate();  // ë² í„°ë¦? ?ž”?Ÿ‰ 0 ~ 100 %
      |                   ^~~~~~~~~~~~~
../Library/rs485.c:215:32: warning: pointer targets in passing argument 1 of 'onBCCCheck' differ in signedness [-Wpointer-sign]
  215 |  uint16_t u16BCC = onBCCCheck( (char *)&sdfrm, sizeof(FRAME_SD) - 2 );
      |                                ^~~~~~~~~~~~~~
      |                                |
      |                                char *
../Library/rs485.c:64:36: note: expected 'unsigned char *' but argument is of type 'char *'
   64 | uint16_t onBCCCheck(unsigned char *payload, int crc_length)
      |                     ~~~~~~~~~~~~~~~^~~~~~~
../Library/rs485.c:220:21: warning: variable 'nTxEnd' set but not used [-Wunused-but-set-variable]
  220 |  uint32_t nTxStart, nTxEnd;
      |                     ^~~~~~
../Library/rs485.c:220:11: warning: variable 'nTxStart' set but not used [-Wunused-but-set-variable]
  220 |  uint32_t nTxStart, nTxEnd;
      |           ^~~~~~~~
../Library/rs485.c:192:16: warning: unused variable 'sRssCnt' [-Wunused-variable]
  192 |     static int sRssCnt = 0;
      |                ^~~~~~~
../Library/rs485.c: In function 'SendSD_5':
../Library/rs485.c:252:32: warning: pointer targets in passing argument 1 of 'onBCCCheck' differ in signedness [-Wpointer-sign]
  252 |  uint16_t u16BCC = onBCCCheck( (char *)&sdfrm, sizeof(FRAME_TRSD) - 2 );
      |                                ^~~~~~~~~~~~~~
      |                                |
      |                                char *
../Library/rs485.c:64:36: note: expected 'unsigned char *' but argument is of type 'char *'
   64 | uint16_t onBCCCheck(unsigned char *payload, int crc_length)
      |                     ~~~~~~~~~~~~~~~^~~~~~~
../Library/rs485.c:257:21: warning: variable 'nTxEnd' set but not used [-Wunused-but-set-variable]
  257 |  uint32_t nTxStart, nTxEnd;
      |                     ^~~~~~
../Library/rs485.c:257:11: warning: variable 'nTxStart' set but not used [-Wunused-but-set-variable]
  257 |  uint32_t nTxStart, nTxEnd;
      |           ^~~~~~~~
../Library/rs485.c: In function 'ProcessFrameSD':
../Library/rs485.c:280:15: warning: unused variable 'pSd' [-Wunused-variable]
  280 |  const SD_t  *pSd = &pFrameSd->sd;
      |               ^~~
../Library/version.c: In function 'Version_History':
../Library/rs485.c: In function 'ProcessFrameSDR':
../Library/rs485.c:287:9: warning: type defaults to 'int' in declaration of 'sOccFlag' [-Wimplicit-int]
  287 |  static sOccFlag = 0;
      |         ^~~~~~~~
../Library/version.c:41:2: warning: implicit declaration of function 'printf' [-Wimplicit-function-declaration]
   41 |  printf( "-----------------------------\r\n" );
      |  ^~~~~~
../Library/version.c:41:2: warning: incompatible implicit declaration of built-in function 'printf'
../Library/version.c:19:1: note: include '<stdio.h>' or provide a declaration of 'printf'
   18 | #include "VerInfo.h"  // VER_INFO structure
  +++ |+#include <stdio.h>
   19 | 
../Library/rs485.c: In function 'ProcessFrame':
../Library/rs485.c:436:14: warning: format '%d' expects argument of type 'int', but argument 2 has type 'uint32_t' {aka 'long unsigned int'} [-Wformat=]
  436 |   printf( "[%d] %s(%d) - TCMS SDR Recv ( %d )\n", HAL_GetTick(),  __func__, __LINE__, nLen );
      |             ~^                                    ~~~~~~~~~~~~~
      |              |                                    |
      |              int                                  uint32_t {aka long unsigned int}
      |             %ld
../Library/rs485.c:441:14: warning: format '%d' expects argument of type 'int', but argument 2 has type 'uint32_t' {aka 'long unsigned int'} [-Wformat=]
  441 |   printf( "[%d] %s(%d) - TRS SDR Recv ( %d )\n", HAL_GetTick(),  __func__, __LINE__, nLen );
      |             ~^                                   ~~~~~~~~~~~~~
      |              |                                   |
      |              int                                 uint32_t {aka long unsigned int}
      |             %ld
../Library/rs485.c:431:12: warning: unused variable 'pSd' [-Wunused-variable]
  431 |  FRAME_SD *pSd = (FRAME_SD *)pBuf;
      |            ^~~
../Library/rs485.c: In function 'Dump':
../Library/rs485.c:495:15: warning: format '%d' expects argument of type 'int', but argument 2 has type 'uint32_t' {aka 'long unsigned int'} [-Wformat=]
  495 |  printf( "[%08d]%s ", HAL_GetTick(), sTitle );
      |            ~~~^       ~~~~~~~~~~~~~
      |               |       |
      |               int     uint32_t {aka long unsigned int}
      |            %08ld
../Library/rs485.c: In function 'LoopProcRS485_3ch':
../Library/rs485.c:569:21: warning: pointer targets in passing argument 2 of 'Dump' differ in signedness [-Wpointer-sign]
  569 |      Dump( "Rx : ", rxbuffer, length );
      |                     ^~~~~~~~
      |                     |
      |                     uint8_t * {aka unsigned char *}
../Library/rs485.c:492:32: note: expected 'char *' but argument is of type 'uint8_t *' {aka 'unsigned char *'}
  492 | void Dump( char *sTitle, char *sBuf, int nSize )
      |                          ~~~~~~^~~~
../Library/rs485.c:575:17: warning: format '%d' expects argument of type 'int', but argument 2 has type 'uint32_t' {aka 'long unsigned int'} [-Wformat=]
  575 |      printf( "[%d] %s(%d) - Invalid packet(%d) / framesize(%d)\n", HAL_GetTick(), __func__, __LINE__, length, sizeof(FRAME_SDR) );
      |                ~^                                                  ~~~~~~~~~~~~~
      |                 |                                                  |
      |                 int                                                uint32_t {aka long unsigned int}
      |                %ld
../Library/rs485.c:575:45: warning: format '%d' expects argument of type 'int', but argument 5 has type 'uint32_t' {aka 'long unsigned int'} [-Wformat=]
  575 |      printf( "[%d] %s(%d) - Invalid packet(%d) / framesize(%d)\n", HAL_GetTick(), __func__, __LINE__, length, sizeof(FRAME_SDR) );
      |                                            ~^                                                         ~~~~~~
      |                                             |                                                         |
      |                                             int                                                       uint32_t {aka long unsigned int}
      |                                            %ld
../Library/rs485.c:527:11: warning: unused variable 'd' [-Wunused-variable]
  527 |      char d;
      |           ^
../Library/rs485.c:526:14: warning: unused variable 's_2_nTick_R' [-Wunused-variable]
  526 |   static int s_2_nTick_R = 0;
      |              ^~~~~~~~~~~
../Library/rs485.c:525:14: warning: unused variable 's_2_nTick_F' [-Wunused-variable]
  525 |   static int s_2_nTick_F = 0;
      |              ^~~~~~~~~~~
../Library/rs485.c:524:10: warning: unused variable 'nTick_2' [-Wunused-variable]
  524 |      int nTick_2;
      |          ^~~~~~~
../Library/serial.c: In function 'checkSerial':
../Library/rs485.c:521:6: warning: unused variable 'idx' [-Wunused-variable]
  521 |  int idx;
      |      ^~~
../Library/serial.c:290:28: warning: format '%X' expects argument of type 'unsigned int', but argument 2 has type 'USART_TypeDef *' [-Wformat=]
  290 |   printf("UART Inst : 0x%08X\n", uart->Instance );
      |                         ~~~^     ~~~~~~~~~~~~~~
      |                            |         |
      |                            |         USART_TypeDef *
      |                            unsigned int
../Library/rs485.c: In function 'LoopProcRS485_5ch':
../Library/rs485.c:664:21: warning: pointer targets in passing argument 2 of 'Dump' differ in signedness [-Wpointer-sign]
  664 |      Dump( "Rx : ", rxbuffer_5, length_5 );
      |                     ^~~~~~~~~~
      |                     |
      |                     uint8_t * {aka unsigned char *}
../Library/serial.c:291:30: warning: format '%x' expects argument of type 'unsigned int', but argument 2 has type 'uint32_t' {aka 'volatile long unsigned int'} [-Wformat=]
  291 |   printf("UART > err code : %x tStat: %x rStat: %x SR: %x DR %x \n", uart->ErrorCode, uart->gState, uart->RxState, uart->Instance->SR, uart->Instance->DR);
      |                             ~^                                       ~~~~~~~~~~~~~~~
      |                              |                                           |
      |                              unsigned int                                uint32_t {aka volatile long unsigned int}
      |                             %lx
../Library/rs485.c:492:32: note: expected 'char *' but argument is of type 'uint8_t *' {aka 'unsigned char *'}
  492 | void Dump( char *sTitle, char *sBuf, int nSize )
      |                          ~~~~~~^~~~
../Library/rs485.c:670:17: warning: format '%d' expects argument of type 'int', but argument 2 has type 'uint32_t' {aka 'long unsigned int'} [-Wformat=]
  670 |      printf( "[%d] %s(%d) - Invalid packet(%d) FrameSize(%d)\n", HAL_GetTick(), __func__, __LINE__, length_5, sizeof(FRAME_TRSDR) );
      |                ~^                                                ~~~~~~~~~~~~~
      |                 |                                                |
      |                 int                                              uint32_t {aka long unsigned int}
      |                %ld
../Library/serial.c:291:57: warning: format '%x' expects argument of type 'unsigned int', but argument 5 has type 'uint32_t' {aka 'volatile long unsigned int'} [-Wformat=]
  291 |   printf("UART > err code : %x tStat: %x rStat: %x SR: %x DR %x \n", uart->ErrorCode, uart->gState, uart->RxState, uart->Instance->SR, uart->Instance->DR);
      |                                                        ~^                                                          ~~~~~~~~~~~~~~~~~~
      |                                                         |                                                                        |
      |                                                         unsigned int                                                             uint32_t {aka volatile long unsigned int}
      |                                                        %lx
../Library/serial.c:291:63: warning: format '%x' expects argument of type 'unsigned int', but argument 6 has type 'uint32_t' {aka 'volatile long unsigned int'} [-Wformat=]
  291 |   printf("UART > err code : %x tStat: %x rStat: %x SR: %x DR %x \n", uart->ErrorCode, uart->gState, uart->RxState, uart->Instance->SR, uart->Instance->DR);
      |                                                              ~^                                                                        ~~~~~~~~~~~~~~~~~~
      |                                                               |                                                                                      |
      |                                                               unsigned int                                                                           uint32_t {aka volatile long unsigned int}
      |                                                              %lx
../Library/rs485.c:670:45: warning: format '%d' expects argument of type 'int', but argument 5 has type 'uint32_t' {aka 'long unsigned int'} [-Wformat=]
  670 |      printf( "[%d] %s(%d) - Invalid packet(%d) FrameSize(%d)\n", HAL_GetTick(), __func__, __LINE__, length_5, sizeof(FRAME_TRSDR) );
      |                                            ~^                                                       ~~~~~~~~
      |                                             |                                                       |
      |                                             int                                                     uint32_t {aka long unsigned int}
      |                                            %ld
../Library/rs485.c:623:11: warning: unused variable 'd' [-Wunused-variable]
  623 |      char d;
      |           ^
../Library/rs485.c:622:14: warning: unused variable 's_2_nTick_R' [-Wunused-variable]
  622 |   static int s_2_nTick_R = 0;
      |              ^~~~~~~~~~~
../Library/rs485.c:621:14: warning: unused variable 's_2_nTick_F' [-Wunused-variable]
  621 |   static int s_2_nTick_F = 0;
      |              ^~~~~~~~~~~
../Library/rs485.c:620:10: warning: unused variable 'nTick_2' [-Wunused-variable]
  620 |      int nTick_2;
      |          ^~~~~~~
../Library/serial.c:292:25: warning: format '%x' expects argument of type 'unsigned int', but argument 2 has type 'uint32_t' {aka 'volatile long unsigned int'} [-Wformat=]
  292 |   printf("UART > BRR : %x CR1: %x CR2: %x CR3: %x GTPR %x \n", uart->Instance->BRR, uart->Instance->CR1, uart->Instance->CR2, uart->Instance->CR3, uart->Instance->GTPR);
      |                        ~^                                      ~~~~~~~~~~~~~~~~~~~
      |                         |                                                    |
      |                         unsigned int                                         uint32_t {aka volatile long unsigned int}
      |                        %lx
../Library/serial.c:292:33: warning: format '%x' expects argument of type 'unsigned int', but argument 3 has type 'uint32_t' {aka 'volatile long unsigned int'} [-Wformat=]
  292 |   printf("UART > BRR : %x CR1: %x CR2: %x CR3: %x GTPR %x \n", uart->Instance->BRR, uart->Instance->CR1, uart->Instance->CR2, uart->Instance->CR3, uart->Instance->GTPR);
      |                                ~^                                                   ~~~~~~~~~~~~~~~~~~~
      |                                 |                                                                 |
      |                                 unsigned int                                                      uint32_t {aka volatile long unsigned int}
      |                                %lx
../Library/occpa.c: In function 'RFMOccPaStart':
../Library/occpa.c:41:57: warning: implicit declaration of function 'strlen' [-Wimplicit-function-declaration]
   41 |  HAL_UART_Transmit( &huart2, (uint8_t *)sCmdOccPaStart, strlen(sCmdOccPaStart), 100 );
      |                                                         ^~~~~~
../Library/occpa.c:41:57: warning: incompatible implicit declaration of built-in function 'strlen'
../Library/occpa.c:24:1: note: include '<string.h>' or provide a declaration of 'strlen'
   23 | #include "serial.h"
  +++ |+#include <string.h>
   24 | 
../Library/occpa.c: In function 'RFMOccPaStop':
../Library/occpa.c:51:56: warning: incompatible implicit declaration of built-in function 'strlen'
   51 |  HAL_UART_Transmit( &huart2, (uint8_t *)sCmdOccPaStop, strlen(sCmdOccPaStop), 100 );
      |                                                        ^~~~~~
../Library/occpa.c:51:56: note: include '<string.h>' or provide a declaration of 'strlen'
../Library/rs485.c:617:6: warning: unused variable 'idx' [-Wunused-variable]
  617 |  int idx;
      |      ^~~
../Library/rs485.c: In function 'LoopProcRFM_2ch':
../Library/rs485.c:752:22: warning: pointer targets in passing argument 2 of 'Dump' differ in signedness [-Wpointer-sign]
  752 |       Dump( "Rx : ", rxbuffer_2, length_2 );
      |                      ^~~~~~~~~~
      |                      |
      |                      uint8_t * {aka unsigned char *}
../Library/rs485.c:492:32: note: expected 'char *' but argument is of type 'uint8_t *' {aka 'unsigned char *'}
  492 | void Dump( char *sTitle, char *sBuf, int nSize )
      |                          ~~~~~~^~~~
../Library/rs485.c:714:11: warning: unused variable 'd' [-Wunused-variable]
  714 |      char d;
      |           ^
../Library/rs485.c:713:14: warning: unused variable 's_2_nTick_R' [-Wunused-variable]
  713 |   static int s_2_nTick_R = 0;
      |              ^~~~~~~~~~~
../Library/rs485.c:712:14: warning: unused variable 's_2_nTick_F' [-Wunused-variable]
  712 |   static int s_2_nTick_F = 0;
      |              ^~~~~~~~~~~
../Library/rs485.c:711:10: warning: unused variable 'nTick_2' [-Wunused-variable]
  711 |      int nTick_2;
      |          ^~~~~~~
../Library/rs485.c:708:6: warning: unused variable 'idx' [-Wunused-variable]
  708 |  int idx;
      |      ^~~
../Library/serial.c:292:41: warning: format '%x' expects argument of type 'unsigned int', but argument 4 has type 'uint32_t' {aka 'volatile long unsigned int'} [-Wformat=]
  292 |   printf("UART > BRR : %x CR1: %x CR2: %x CR3: %x GTPR %x \n", uart->Instance->BRR, uart->Instance->CR1, uart->Instance->CR2, uart->Instance->CR3, uart->Instance->GTPR);
      |                                        ~^                                                                ~~~~~~~~~~~~~~~~~~~
      |                                         |                                                                              |
      |                                         unsigned int                                                                   uint32_t {aka volatile long unsigned int}
      |                                        %lx
../Library/rs485.c:706:8: warning: variable 's_EtxLen' set but not used [-Wunused-but-set-variable]
  706 |    int s_EtxLen = 0;
      |        ^~~~~~~~
../Library/rs485.c:704:15: warning: unused variable 's_RxOkLen' [-Wunused-variable]
  704 |    static int s_RxOkLen =0;
      |               ^~~~~~~~~
../Library/serial.c:292:49: warning: format '%x' expects argument of type 'unsigned int', but argument 5 has type 'uint32_t' {aka 'volatile long unsigned int'} [-Wformat=]
  292 |   printf("UART > BRR : %x CR1: %x CR2: %x CR3: %x GTPR %x \n", uart->Instance->BRR, uart->Instance->CR1, uart->Instance->CR2, uart->Instance->CR3, uart->Instance->GTPR);
      |                                                ~^                                                                             ~~~~~~~~~~~~~~~~~~~
      |                                                 |                                                                                           |
      |                                                 unsigned int                                                                                uint32_t {aka volatile long unsigned int}
      |                                                %lx
../Library/serial.c:292:57: warning: format '%x' expects argument of type 'unsigned int', but argument 6 has type 'uint32_t' {aka 'volatile long unsigned int'} [-Wformat=]
  292 |   printf("UART > BRR : %x CR1: %x CR2: %x CR3: %x GTPR %x \n", uart->Instance->BRR, uart->Instance->CR1, uart->Instance->CR2, uart->Instance->CR3, uart->Instance->GTPR);
      |                                                        ~^                                                                                          ~~~~~~~~~~~~~~~~~~~~
      |                                                         |                                                                                                        |
      |                                                         unsigned int                                                                                             uint32_t {aka volatile long unsigned int}
      |                                                        %lx
arm-none-eabi-gcc "../Drivers/STM32F1xx_HAL_Driver/Src/stm32f1xx_hal_adc.c" -mcpu=cortex-m3 -std=gnu11 -DSTM32F103xE -DUSE_HAL_DRIVER -c -I../Drivers/CMSIS/Device/ST/STM32F1xx/Include -I../Drivers/CMSIS/Include -I../Core/Inc -I../Drivers/STM32F1xx_HAL_Driver/Inc/Legacy -I../Drivers/STM32F1xx_HAL_Driver/Inc -I../Library -O3 -ffunction-sections -fdata-sections -Wall -fstack-usage -fcyclomatic-complexity -MMD -MP -MF"Drivers/STM32F1xx_HAL_Driver/Src/stm32f1xx_hal_adc.d" -MT"Drivers/STM32F1xx_HAL_Driver/Src/stm32f1xx_hal_adc.o" --specs=nano.specs -mfloat-abi=soft -mthumb -o "Drivers/STM32F1xx_HAL_Driver/Src/stm32f1xx_hal_adc.o"
At top level:
../Library/rs485.c:704:15: warning: 's_RxOkLen' defined but not used [-Wunused-variable]
../Library/rs485.c:712:14: warning: 's_2_nTick_F' defined but not used [-Wunused-variable]
  712 |   static int s_2_nTick_F = 0;
      |              ^~~~~~~~~~~
../Library/rs485.c:713:14: warning: 's_2_nTick_R' defined but not used [-Wunused-variable]
  713 |   static int s_2_nTick_R = 0;
      |              ^~~~~~~~~~~
../Library/rs485.c:621:14: warning: 's_2_nTick_F' defined but not used [-Wunused-variable]
  621 |   static int s_2_nTick_F = 0;
      |              ^~~~~~~~~~~
../Library/rs485.c:622:14: warning: 's_2_nTick_R' defined but not used [-Wunused-variable]
  622 |   static int s_2_nTick_R = 0;
      |              ^~~~~~~~~~~
../Library/rs485.c:525:14: warning: 's_2_nTick_F' defined but not used [-Wunused-variable]
  525 |   static int s_2_nTick_F = 0;
      |              ^~~~~~~~~~~
../Library/rs485.c:526:14: warning: 's_2_nTick_R' defined but not used [-Wunused-variable]
  526 |   static int s_2_nTick_R = 0;
      |              ^~~~~~~~~~~
../Library/rs485.c:192:16: warning: 'sRssCnt' defined but not used [-Wunused-variable]
  192 |     static int sRssCnt = 0;
      |                ^~~~~~~
../Library/rs485.c:473:12: warning: 'nFlagRxState' defined but not used [-Wunused-variable]
  473 | static int nFlagRxState = FlagNone;
      |            ^~~~~~~~~~~~
../Library/ymodem.c: In function 'cmd_ymodem':
../Library/ymodem.c:707:3: warning: implicit declaration of function 'SerialInit' [-Wimplicit-function-declaration]
  707 |   SerialInit( NULL, NULL, NULL, NULL );
      |   ^~~~~~~~~~
arm-none-eabi-gcc "../Drivers/STM32F1xx_HAL_Driver/Src/stm32f1xx_hal_adc_ex.c" -mcpu=cortex-m3 -std=gnu11 -DSTM32F103xE -DUSE_HAL_DRIVER -c -I../Drivers/CMSIS/Device/ST/STM32F1xx/Include -I../Drivers/CMSIS/Include -I../Core/Inc -I../Drivers/STM32F1xx_HAL_Driver/Inc/Legacy -I../Drivers/STM32F1xx_HAL_Driver/Inc -I../Library -O3 -ffunction-sections -fdata-sections -Wall -fstack-usage -fcyclomatic-complexity -MMD -MP -MF"Drivers/STM32F1xx_HAL_Driver/Src/stm32f1xx_hal_adc_ex.d" -MT"Drivers/STM32F1xx_HAL_Driver/Src/stm32f1xx_hal_adc_ex.o" --specs=nano.specs -mfloat-abi=soft -mthumb -o "Drivers/STM32F1xx_HAL_Driver/Src/stm32f1xx_hal_adc_ex.o"
../Library/ymodem.c:732:9: warning: implicit declaration of function 'SerialDownload' [-Wimplicit-function-declaration]
  732 |   ret = SerialDownload();
      |         ^~~~~~~~~~~~~~
../Library/ymodem.c:738:9: warning: implicit declaration of function 'SerialUpload' [-Wimplicit-function-declaration]
  738 |   ret = SerialUpload();
      |         ^~~~~~~~~~~~
../Library/ymodem.c:759:1: warning: control reaches end of non-void function [-Wreturn-type]
  759 | }
      | ^
arm-none-eabi-gcc "../Drivers/STM32F1xx_HAL_Driver/Src/stm32f1xx_hal_cortex.c" -mcpu=cortex-m3 -std=gnu11 -DSTM32F103xE -DUSE_HAL_DRIVER -c -I../Drivers/CMSIS/Device/ST/STM32F1xx/Include -I../Drivers/CMSIS/Include -I../Core/Inc -I../Drivers/STM32F1xx_HAL_Driver/Inc/Legacy -I../Drivers/STM32F1xx_HAL_Driver/Inc -I../Library -O3 -ffunction-sections -fdata-sections -Wall -fstack-usage -fcyclomatic-complexity -MMD -MP -MF"Drivers/STM32F1xx_HAL_Driver/Src/stm32f1xx_hal_cortex.d" -MT"Drivers/STM32F1xx_HAL_Driver/Src/stm32f1xx_hal_cortex.o" --specs=nano.specs -mfloat-abi=soft -mthumb -o "Drivers/STM32F1xx_HAL_Driver/Src/stm32f1xx_hal_cortex.o"
arm-none-eabi-gcc "../Drivers/STM32F1xx_HAL_Driver/Src/stm32f1xx_hal_dma.c" -mcpu=cortex-m3 -std=gnu11 -DSTM32F103xE -DUSE_HAL_DRIVER -c -I../Drivers/CMSIS/Device/ST/STM32F1xx/Include -I../Drivers/CMSIS/Include -I../Core/Inc -I../Drivers/STM32F1xx_HAL_Driver/Inc/Legacy -I../Drivers/STM32F1xx_HAL_Driver/Inc -I../Library -O3 -ffunction-sections -fdata-sections -Wall -fstack-usage -fcyclomatic-complexity -MMD -MP -MF"Drivers/STM32F1xx_HAL_Driver/Src/stm32f1xx_hal_dma.d" -MT"Drivers/STM32F1xx_HAL_Driver/Src/stm32f1xx_hal_dma.o" --specs=nano.specs -mfloat-abi=soft -mthumb -o "Drivers/STM32F1xx_HAL_Driver/Src/stm32f1xx_hal_dma.o"
arm-none-eabi-gcc "../Drivers/STM32F1xx_HAL_Driver/Src/stm32f1xx_hal_exti.c" -mcpu=cortex-m3 -std=gnu11 -DSTM32F103xE -DUSE_HAL_DRIVER -c -I../Drivers/CMSIS/Device/ST/STM32F1xx/Include -I../Drivers/CMSIS/Include -I../Core/Inc -I../Drivers/STM32F1xx_HAL_Driver/Inc/Legacy -I../Drivers/STM32F1xx_HAL_Driver/Inc -I../Library -O3 -ffunction-sections -fdata-sections -Wall -fstack-usage -fcyclomatic-complexity -MMD -MP -MF"Drivers/STM32F1xx_HAL_Driver/Src/stm32f1xx_hal_exti.d" -MT"Drivers/STM32F1xx_HAL_Driver/Src/stm32f1xx_hal_exti.o" --specs=nano.specs -mfloat-abi=soft -mthumb -o "Drivers/STM32F1xx_HAL_Driver/Src/stm32f1xx_hal_exti.o"
arm-none-eabi-gcc "../Drivers/STM32F1xx_HAL_Driver/Src/stm32f1xx_hal_flash.c" -mcpu=cortex-m3 -std=gnu11 -DSTM32F103xE -DUSE_HAL_DRIVER -c -I../Drivers/CMSIS/Device/ST/STM32F1xx/Include -I../Drivers/CMSIS/Include -I../Core/Inc -I../Drivers/STM32F1xx_HAL_Driver/Inc/Legacy -I../Drivers/STM32F1xx_HAL_Driver/Inc -I../Library -O3 -ffunction-sections -fdata-sections -Wall -fstack-usage -fcyclomatic-complexity -MMD -MP -MF"Drivers/STM32F1xx_HAL_Driver/Src/stm32f1xx_hal_flash.d" -MT"Drivers/STM32F1xx_HAL_Driver/Src/stm32f1xx_hal_flash.o" --specs=nano.specs -mfloat-abi=soft -mthumb -o "Drivers/STM32F1xx_HAL_Driver/Src/stm32f1xx_hal_flash.o"
arm-none-eabi-gcc "../Drivers/STM32F1xx_HAL_Driver/Src/stm32f1xx_hal_flash_ex.c" -mcpu=cortex-m3 -std=gnu11 -DSTM32F103xE -DUSE_HAL_DRIVER -c -I../Drivers/CMSIS/Device/ST/STM32F1xx/Include -I../Drivers/CMSIS/Include -I../Core/Inc -I../Drivers/STM32F1xx_HAL_Driver/Inc/Legacy -I../Drivers/STM32F1xx_HAL_Driver/Inc -I../Library -O3 -ffunction-sections -fdata-sections -Wall -fstack-usage -fcyclomatic-complexity -MMD -MP -MF"Drivers/STM32F1xx_HAL_Driver/Src/stm32f1xx_hal_flash_ex.d" -MT"Drivers/STM32F1xx_HAL_Driver/Src/stm32f1xx_hal_flash_ex.o" --specs=nano.specs -mfloat-abi=soft -mthumb -o "Drivers/STM32F1xx_HAL_Driver/Src/stm32f1xx_hal_flash_ex.o"
arm-none-eabi-gcc "../Drivers/STM32F1xx_HAL_Driver/Src/stm32f1xx_hal_gpio.c" -mcpu=cortex-m3 -std=gnu11 -DSTM32F103xE -DUSE_HAL_DRIVER -c -I../Drivers/CMSIS/Device/ST/STM32F1xx/Include -I../Drivers/CMSIS/Include -I../Core/Inc -I../Drivers/STM32F1xx_HAL_Driver/Inc/Legacy -I../Drivers/STM32F1xx_HAL_Driver/Inc -I../Library -O3 -ffunction-sections -fdata-sections -Wall -fstack-usage -fcyclomatic-complexity -MMD -MP -MF"Drivers/STM32F1xx_HAL_Driver/Src/stm32f1xx_hal_gpio.d" -MT"Drivers/STM32F1xx_HAL_Driver/Src/stm32f1xx_hal_gpio.o" --specs=nano.specs -mfloat-abi=soft -mthumb -o "Drivers/STM32F1xx_HAL_Driver/Src/stm32f1xx_hal_gpio.o"
arm-none-eabi-gcc "../Drivers/STM32F1xx_HAL_Driver/Src/stm32f1xx_hal_gpio_ex.c" -mcpu=cortex-m3 -std=gnu11 -DSTM32F103xE -DUSE_HAL_DRIVER -c -I../Drivers/CMSIS/Device/ST/STM32F1xx/Include -I../Drivers/CMSIS/Include -I../Core/Inc -I../Drivers/STM32F1xx_HAL_Driver/Inc/Legacy -I../Drivers/STM32F1xx_HAL_Driver/Inc -I../Library -O3 -ffunction-sections -fdata-sections -Wall -fstack-usage -fcyclomatic-complexity -MMD -MP -MF"Drivers/STM32F1xx_HAL_Driver/Src/stm32f1xx_hal_gpio_ex.d" -MT"Drivers/STM32F1xx_HAL_Driver/Src/stm32f1xx_hal_gpio_ex.o" --specs=nano.specs -mfloat-abi=soft -mthumb -o "Drivers/STM32F1xx_HAL_Driver/Src/stm32f1xx_hal_gpio_ex.o"
arm-none-eabi-gcc "../Drivers/STM32F1xx_HAL_Driver/Src/stm32f1xx_hal_i2c.c" -mcpu=cortex-m3 -std=gnu11 -DSTM32F103xE -DUSE_HAL_DRIVER -c -I../Drivers/CMSIS/Device/ST/STM32F1xx/Include -I../Drivers/CMSIS/Include -I../Core/Inc -I../Drivers/STM32F1xx_HAL_Driver/Inc/Legacy -I../Drivers/STM32F1xx_HAL_Driver/Inc -I../Library -O3 -ffunction-sections -fdata-sections -Wall -fstack-usage -fcyclomatic-complexity -MMD -MP -MF"Drivers/STM32F1xx_HAL_Driver/Src/stm32f1xx_hal_i2c.d" -MT"Drivers/STM32F1xx_HAL_Driver/Src/stm32f1xx_hal_i2c.o" --specs=nano.specs -mfloat-abi=soft -mthumb -o "Drivers/STM32F1xx_HAL_Driver/Src/stm32f1xx_hal_i2c.o"
arm-none-eabi-gcc "../Drivers/STM32F1xx_HAL_Driver/Src/stm32f1xx_hal_iwdg.c" -mcpu=cortex-m3 -std=gnu11 -DSTM32F103xE -DUSE_HAL_DRIVER -c -I../Drivers/CMSIS/Device/ST/STM32F1xx/Include -I../Drivers/CMSIS/Include -I../Core/Inc -I../Drivers/STM32F1xx_HAL_Driver/Inc/Legacy -I../Drivers/STM32F1xx_HAL_Driver/Inc -I../Library -O3 -ffunction-sections -fdata-sections -Wall -fstack-usage -fcyclomatic-complexity -MMD -MP -MF"Drivers/STM32F1xx_HAL_Driver/Src/stm32f1xx_hal_iwdg.d" -MT"Drivers/STM32F1xx_HAL_Driver/Src/stm32f1xx_hal_iwdg.o" --specs=nano.specs -mfloat-abi=soft -mthumb -o "Drivers/STM32F1xx_HAL_Driver/Src/stm32f1xx_hal_iwdg.o"
arm-none-eabi-gcc "../Drivers/STM32F1xx_HAL_Driver/Src/stm32f1xx_hal_pwr.c" -mcpu=cortex-m3 -std=gnu11 -DSTM32F103xE -DUSE_HAL_DRIVER -c -I../Drivers/CMSIS/Device/ST/STM32F1xx/Include -I../Drivers/CMSIS/Include -I../Core/Inc -I../Drivers/STM32F1xx_HAL_Driver/Inc/Legacy -I../Drivers/STM32F1xx_HAL_Driver/Inc -I../Library -O3 -ffunction-sections -fdata-sections -Wall -fstack-usage -fcyclomatic-complexity -MMD -MP -MF"Drivers/STM32F1xx_HAL_Driver/Src/stm32f1xx_hal_pwr.d" -MT"Drivers/STM32F1xx_HAL_Driver/Src/stm32f1xx_hal_pwr.o" --specs=nano.specs -mfloat-abi=soft -mthumb -o "Drivers/STM32F1xx_HAL_Driver/Src/stm32f1xx_hal_pwr.o"
arm-none-eabi-gcc "../Drivers/STM32F1xx_HAL_Driver/Src/stm32f1xx_hal_rcc.c" -mcpu=cortex-m3 -std=gnu11 -DSTM32F103xE -DUSE_HAL_DRIVER -c -I../Drivers/CMSIS/Device/ST/STM32F1xx/Include -I../Drivers/CMSIS/Include -I../Core/Inc -I../Drivers/STM32F1xx_HAL_Driver/Inc/Legacy -I../Drivers/STM32F1xx_HAL_Driver/Inc -I../Library -O3 -ffunction-sections -fdata-sections -Wall -fstack-usage -fcyclomatic-complexity -MMD -MP -MF"Drivers/STM32F1xx_HAL_Driver/Src/stm32f1xx_hal_rcc.d" -MT"Drivers/STM32F1xx_HAL_Driver/Src/stm32f1xx_hal_rcc.o" --specs=nano.specs -mfloat-abi=soft -mthumb -o "Drivers/STM32F1xx_HAL_Driver/Src/stm32f1xx_hal_rcc.o"
arm-none-eabi-gcc "../Drivers/STM32F1xx_HAL_Driver/Src/stm32f1xx_hal_rcc_ex.c" -mcpu=cortex-m3 -std=gnu11 -DSTM32F103xE -DUSE_HAL_DRIVER -c -I../Drivers/CMSIS/Device/ST/STM32F1xx/Include -I../Drivers/CMSIS/Include -I../Core/Inc -I../Drivers/STM32F1xx_HAL_Driver/Inc/Legacy -I../Drivers/STM32F1xx_HAL_Driver/Inc -I../Library -O3 -ffunction-sections -fdata-sections -Wall -fstack-usage -fcyclomatic-complexity -MMD -MP -MF"Drivers/STM32F1xx_HAL_Driver/Src/stm32f1xx_hal_rcc_ex.d" -MT"Drivers/STM32F1xx_HAL_Driver/Src/stm32f1xx_hal_rcc_ex.o" --specs=nano.specs -mfloat-abi=soft -mthumb -o "Drivers/STM32F1xx_HAL_Driver/Src/stm32f1xx_hal_rcc_ex.o"
arm-none-eabi-gcc "../Drivers/STM32F1xx_HAL_Driver/Src/stm32f1xx_hal_tim.c" -mcpu=cortex-m3 -std=gnu11 -DSTM32F103xE -DUSE_HAL_DRIVER -c -I../Drivers/CMSIS/Device/ST/STM32F1xx/Include -I../Drivers/CMSIS/Include -I../Core/Inc -I../Drivers/STM32F1xx_HAL_Driver/Inc/Legacy -I../Drivers/STM32F1xx_HAL_Driver/Inc -I../Library -O3 -ffunction-sections -fdata-sections -Wall -fstack-usage -fcyclomatic-complexity -MMD -MP -MF"Drivers/STM32F1xx_HAL_Driver/Src/stm32f1xx_hal_tim.d" -MT"Drivers/STM32F1xx_HAL_Driver/Src/stm32f1xx_hal_tim.o" --specs=nano.specs -mfloat-abi=soft -mthumb -o "Drivers/STM32F1xx_HAL_Driver/Src/stm32f1xx_hal_tim.o"
arm-none-eabi-gcc "../Drivers/STM32F1xx_HAL_Driver/Src/stm32f1xx_hal_tim_ex.c" -mcpu=cortex-m3 -std=gnu11 -DSTM32F103xE -DUSE_HAL_DRIVER -c -I../Drivers/CMSIS/Device/ST/STM32F1xx/Include -I../Drivers/CMSIS/Include -I../Core/Inc -I../Drivers/STM32F1xx_HAL_Driver/Inc/Legacy -I../Drivers/STM32F1xx_HAL_Driver/Inc -I../Library -O3 -ffunction-sections -fdata-sections -Wall -fstack-usage -fcyclomatic-complexity -MMD -MP -MF"Drivers/STM32F1xx_HAL_Driver/Src/stm32f1xx_hal_tim_ex.d" -MT"Drivers/STM32F1xx_HAL_Driver/Src/stm32f1xx_hal_tim_ex.o" --specs=nano.specs -mfloat-abi=soft -mthumb -o "Drivers/STM32F1xx_HAL_Driver/Src/stm32f1xx_hal_tim_ex.o"
arm-none-eabi-gcc "../Drivers/STM32F1xx_HAL_Driver/Src/stm32f1xx_hal_uart.c" -mcpu=cortex-m3 -std=gnu11 -DSTM32F103xE -DUSE_HAL_DRIVER -c -I../Drivers/CMSIS/Device/ST/STM32F1xx/Include -I../Drivers/CMSIS/Include -I../Core/Inc -I../Drivers/STM32F1xx_HAL_Driver/Inc/Legacy -I../Drivers/STM32F1xx_HAL_Driver/Inc -I../Library -O3 -ffunction-sections -fdata-sections -Wall -fstack-usage -fcyclomatic-complexity -MMD -MP -MF"Drivers/STM32F1xx_HAL_Driver/Src/stm32f1xx_hal_uart.d" -MT"Drivers/STM32F1xx_HAL_Driver/Src/stm32f1xx_hal_uart.o" --specs=nano.specs -mfloat-abi=soft -mthumb -o "Drivers/STM32F1xx_HAL_Driver/Src/stm32f1xx_hal_uart.o"
arm-none-eabi-gcc -mcpu=cortex-m3 -c -x assembler-with-cpp -MMD -MP -MF"Core/Startup/startup_stm32f103rctx.d" -MT"Core/Startup/startup_stm32f103rctx.o" --specs=nano.specs -mfloat-abi=soft -mthumb -o "Core/Startup/startup_stm32f103rctx.o" "../Core/Startup/startup_stm32f103rctx.s"
arm-none-eabi-gcc "../Core/Src/naranja_boron.c" -mcpu=cortex-m3 -std=gnu11 -DSTM32F103xE -DUSE_HAL_DRIVER -c -I../Drivers/CMSIS/Device/ST/STM32F1xx/Include -I../Drivers/CMSIS/Include -I../Core/Inc -I../Drivers/STM32F1xx_HAL_Driver/Inc/Legacy -I../Drivers/STM32F1xx_HAL_Driver/Inc -I../Library -O3 -ffunction-sections -fdata-sections -Wall -fstack-usage -fcyclomatic-complexity -MMD -MP -MF"Core/Src/naranja_boron.d" -MT"Core/Src/naranja_boron.o" --specs=nano.specs -mfloat-abi=soft -mthumb -o "Core/Src/naranja_boron.o"
arm-none-eabi-gcc "../Core/Src/stm32f1xx_hal_msp.c" -mcpu=cortex-m3 -std=gnu11 -DSTM32F103xE -DUSE_HAL_DRIVER -c -I../Drivers/CMSIS/Device/ST/STM32F1xx/Include -I../Drivers/CMSIS/Include -I../Core/Inc -I../Drivers/STM32F1xx_HAL_Driver/Inc/Legacy -I../Drivers/STM32F1xx_HAL_Driver/Inc -I../Library -O3 -ffunction-sections -fdata-sections -Wall -fstack-usage -fcyclomatic-complexity -MMD -MP -MF"Core/Src/stm32f1xx_hal_msp.d" -MT"Core/Src/stm32f1xx_hal_msp.o" --specs=nano.specs -mfloat-abi=soft -mthumb -o "Core/Src/stm32f1xx_hal_msp.o"
arm-none-eabi-gcc "../Core/Src/stm32f1xx_it.c" -mcpu=cortex-m3 -std=gnu11 -DSTM32F103xE -DUSE_HAL_DRIVER -c -I../Drivers/CMSIS/Device/ST/STM32F1xx/Include -I../Drivers/CMSIS/Include -I../Core/Inc -I../Drivers/STM32F1xx_HAL_Driver/Inc/Legacy -I../Drivers/STM32F1xx_HAL_Driver/Inc -I../Library -O3 -ffunction-sections -fdata-sections -Wall -fstack-usage -fcyclomatic-complexity -MMD -MP -MF"Core/Src/stm32f1xx_it.d" -MT"Core/Src/stm32f1xx_it.o" --specs=nano.specs -mfloat-abi=soft -mthumb -o "Core/Src/stm32f1xx_it.o"
arm-none-eabi-gcc "../Core/Src/syscalls.c" -mcpu=cortex-m3 -std=gnu11 -DSTM32F103xE -DUSE_HAL_DRIVER -c -I../Drivers/CMSIS/Device/ST/STM32F1xx/Include -I../Drivers/CMSIS/Include -I../Core/Inc -I../Drivers/STM32F1xx_HAL_Driver/Inc/Legacy -I../Drivers/STM32F1xx_HAL_Driver/Inc -I../Library -O3 -ffunction-sections -fdata-sections -Wall -fstack-usage -fcyclomatic-complexity -MMD -MP -MF"Core/Src/syscalls.d" -MT"Core/Src/syscalls.o" --specs=nano.specs -mfloat-abi=soft -mthumb -o "Core/Src/syscalls.o"
../Core/Src/naranja_boron.c: In function 'ampMuteOn':
../Core/Src/naranja_boron.c:236:6: warning: implicit declaration of function 'MB85_HAL_WriteBytes' [-Wimplicit-function-declaration]
  236 |   if(MB85_HAL_WriteBytes(&hi2c2,0xD8,0x0C,(uint8_t *)nTbuf,1))
      |      ^~~~~~~~~~~~~~~~~~~
../Core/Src/naranja_boron.c:224:14: warning: unused variable 'nRbuf' [-Wunused-variable]
  224 |  uint8_t     nRbuf[10];
      |              ^~~~~
../Core/Src/naranja_boron.c: In function 'ampMuteOff':
../Core/Src/naranja_boron.c:279:6: warning: implicit declaration of function 'MB85_HAL_ReadBytes' [-Wimplicit-function-declaration]
  279 |   if(MB85_HAL_ReadBytes(&hi2c2,0xD8,0x06,(uint8_t *)nRbuf,1))
      |      ^~~~~~~~~~~~~~~~~~
../Core/Src/naranja_boron.c: In function 'setAmpSd':
../Core/Src/naranja_boron.c:299:16: warning: unused variable 'nRbuf' [-Wunused-variable]
  299 |    uint8_t     nRbuf[10];
      |                ^~~~~
../Core/Src/naranja_boron.c: In function 'processOverrideOn':
../Core/Src/naranja_boron.c:524:8: warning: implicit declaration of function 'cmd_occ' [-Wimplicit-function-declaration]
  524 |        cmd_occ(2);
      |        ^~~~~~~
../Core/Src/naranja_boron.c: In function 'AMP_SPK_CHECK':
../Core/Src/naranja_boron.c:877:17: warning: unused variable 'nTbuf' [-Wunused-variable]
  877 |     uint8_t     nTbuf[2];
      |                 ^~~~~
arm-none-eabi-gcc "../Core/Src/sysmem.c" -mcpu=cortex-m3 -std=gnu11 -DSTM32F103xE -DUSE_HAL_DRIVER -c -I../Drivers/CMSIS/Device/ST/STM32F1xx/Include -I../Drivers/CMSIS/Include -I../Core/Inc -I../Drivers/STM32F1xx_HAL_Driver/Inc/Legacy -I../Drivers/STM32F1xx_HAL_Driver/Inc -I../Library -O3 -ffunction-sections -fdata-sections -Wall -fstack-usage -fcyclomatic-complexity -MMD -MP -MF"Core/Src/sysmem.d" -MT"Core/Src/sysmem.o" --specs=nano.specs -mfloat-abi=soft -mthumb -o "Core/Src/sysmem.o"
arm-none-eabi-gcc "../Core/Src/system_stm32f1xx.c" -mcpu=cortex-m3 -std=gnu11 -DSTM32F103xE -DUSE_HAL_DRIVER -c -I../Drivers/CMSIS/Device/ST/STM32F1xx/Include -I../Drivers/CMSIS/Include -I../Core/Inc -I../Drivers/STM32F1xx_HAL_Driver/Inc/Legacy -I../Drivers/STM32F1xx_HAL_Driver/Inc -I../Library -O3 -ffunction-sections -fdata-sections -Wall -fstack-usage -fcyclomatic-complexity -MMD -MP -MF"Core/Src/system_stm32f1xx.d" -MT"Core/Src/system_stm32f1xx.o" --specs=nano.specs -mfloat-abi=soft -mthumb -o "Core/Src/system_stm32f1xx.o"
../Core/Src/naranja_boron.c:951:13: warning: 'sSpkData' may be used uninitialized in this function [-Wmaybe-uninitialized]
  951 |      return sSpkData;
      |             ^~~~~~~~
arm-none-eabi-gcc -o "BottomBd.elf" @"objects.list"   -mcpu=cortex-m3 -T"C:\D\SW2_Team\EMU_EPD\BottomBd\STM32F103RCTX_App_FLASH.ld" --specs=nosys.specs -Wl,-Map="BottomBd.map" -Wl,--gc-sections -static --specs=nano.specs -mfloat-abi=soft -mthumb -Wl,--start-group -lc -lm -Wl,--end-group
c:\st\stm32cubeide_1.6.1\stm32cubeide\plugins\com.st.stm32cube.ide.mcu.externaltools.gnu-tools-for-stm32.10.3-2021.10.win32_1.0.200.202301161003\tools\arm-none-eabi\bin\ld.exe: ./Core/Startup/startup_stm32f103rctx.o: in function `LoopFillZerobss':
(.text.Reset_Handler+0x2e): undefined reference to `main'
c:\st\stm32cubeide_1.6.1\stm32cubeide\plugins\com.st.stm32cube.ide.mcu.externaltools.gnu-tools-for-stm32.10.3-2021.10.win32_1.0.200.202301161003\tools\arm-none-eabi\bin\ld.exe: ./Core/Src/stm32f1xx_it.o: in function `ADC1_2_IRQHandler':
stm32f1xx_it.c:(.text.ADC1_2_IRQHandler+0x14): undefined reference to `hadc1'
c:\st\stm32cubeide_1.6.1\stm32cubeide\plugins\com.st.stm32cube.ide.mcu.externaltools.gnu-tools-for-stm32.10.3-2021.10.win32_1.0.200.202301161003\tools\arm-none-eabi\bin\ld.exe: stm32f1xx_it.c:(.text.ADC1_2_IRQHandler+0x18): undefined reference to `hadc2'
c:\st\stm32cubeide_1.6.1\stm32cubeide\plugins\com.st.stm32cube.ide.mcu.externaltools.gnu-tools-for-stm32.10.3-2021.10.win32_1.0.200.202301161003\tools\arm-none-eabi\bin\ld.exe: ./Core/Src/stm32f1xx_it.o: in function `TIM2_IRQHandler':
stm32f1xx_it.c:(.text.TIM2_IRQHandler+0x3c): undefined reference to `htim2'
c:\st\stm32cubeide_1.6.1\stm32cubeide\plugins\com.st.stm32cube.ide.mcu.externaltools.gnu-tools-for-stm32.10.3-2021.10.win32_1.0.200.202301161003\tools\arm-none-eabi\bin\ld.exe: ./Core/Src/stm32f1xx_it.o: in function `USART1_IRQHandler':
stm32f1xx_it.c:(.text.USART1_IRQHandler+0x8): undefined reference to `huart1'
c:\st\stm32cubeide_1.6.1\stm32cubeide\plugins\com.st.stm32cube.ide.mcu.externaltools.gnu-tools-for-stm32.10.3-2021.10.win32_1.0.200.202301161003\tools\arm-none-eabi\bin\ld.exe: ./Core/Src/stm32f1xx_it.o: in function `USART2_IRQHandler':
stm32f1xx_it.c:(.text.USART2_IRQHandler+0x8): undefined reference to `huart2'
c:\st\stm32cubeide_1.6.1\stm32cubeide\plugins\com.st.stm32cube.ide.mcu.externaltools.gnu-tools-for-stm32.10.3-2021.10.win32_1.0.200.202301161003\tools\arm-none-eabi\bin\ld.exe: ./Core/Src/stm32f1xx_it.o: in function `USART3_IRQHandler':
stm32f1xx_it.c:(.text.USART3_IRQHandler+0x8): undefined reference to `huart3'
c:\st\stm32cubeide_1.6.1\stm32cubeide\plugins\com.st.stm32cube.ide.mcu.externaltools.gnu-tools-for-stm32.10.3-2021.10.win32_1.0.200.202301161003\tools\arm-none-eabi\bin\ld.exe: ./Core/Src/stm32f1xx_it.o: in function `UART5_IRQHandler':
stm32f1xx_it.c:(.text.UART5_IRQHandler+0x8): undefined reference to `huart5'
collect2.exe: error: ld returned 1 exit status
make[1]: *** [makefile:72: BottomBd.elf] Error 1
make: *** [makefile:65: all] Error 2
"make -j8 all" terminated with exit code 2. Build might be incomplete.
